<?xml version="1.0" encoding="UTF-8"?>
<!-- Generated by org.testng.reporters.JUnitReportReporter -->
<testsuite hostname="DESKTOP-EGTF2AJ" name="com.training.sanity.tests.LoginTests" tests="1" failures="0" timestamp="11 Dec 2019 09:22:40 GMT" time="35.156" errors="0">
  <testcase name="validLoginTest" time="35.156" classname="com.training.sanity.tests.LoginTests"/>
</testsuite> <!-- com.training.sanity.tests.LoginTests -->
