<?xml version="1.0" encoding="UTF-8"?>
<!-- Generated by org.testng.reporters.JUnitReportReporter -->
<testsuite hostname="DESKTOP-EGTF2AJ" name="com.training.sanity.tests.BARejectTests" tests="1" failures="0" timestamp="12 Dec 2019 06:57:47 GMT" time="42.325" errors="0">
  <testcase name="validLoginTest" time="42.325" classname="com.training.sanity.tests.BARejectTests"/>
</testsuite> <!-- com.training.sanity.tests.BARejectTests -->
